{"/home/shrilaja.k/Documents/Phase1-Project/Phase1/Meal-app/src/Components/AuthForm.tsx": {"path":"/home/shrilaja.k/Documents/Phase1-Project/Phase1/Meal-app/src/Components/AuthForm.tsx","statementMap":{"0":{"start":{"line":19,"column":4},"end":{"line":19,"column":17}},"1":{"start":{"line":20,"column":4},"end":{"line":20,"column":67}},"2":{"start":{"line":23,"column":17},"end":{"line":26,"column":3}},"3":{"start":{"line":24,"column":28},"end":{"line":24,"column":36}},"4":{"start":{"line":25,"column":4},"end":{"line":25,"column":90}},"5":{"start":{"line":28,"column":17},"end":{"line":40,"column":3}},"6":{"start":{"line":29,"column":38},"end":{"line":29,"column":48}},"7":{"start":{"line":30,"column":43},"end":{"line":30,"column":45}},"8":{"start":{"line":32,"column":4},"end":{"line":32,"column":92}},"9":{"start":{"line":32,"column":54},"end":{"line":32,"column":92}},"10":{"start":{"line":33,"column":4},"end":{"line":34,"column":72}},"11":{"start":{"line":33,"column":23},"end":{"line":33,"column":58}},"12":{"start":{"line":34,"column":9},"end":{"line":34,"column":72}},"13":{"start":{"line":34,"column":35},"end":{"line":34,"column":72}},"14":{"start":{"line":35,"column":4},"end":{"line":36,"column":93}},"15":{"start":{"line":35,"column":26},"end":{"line":35,"column":67}},"16":{"start":{"line":36,"column":9},"end":{"line":36,"column":93}},"17":{"start":{"line":36,"column":34},"end":{"line":36,"column":93}},"18":{"start":{"line":38,"column":4},"end":{"line":38,"column":30}},"19":{"start":{"line":39,"column":4},"end":{"line":39,"column":44}},"20":{"start":{"line":42,"column":17},"end":{"line":49,"column":3}},"21":{"start":{"line":43,"column":4},"end":{"line":43,"column":23}},"22":{"start":{"line":44,"column":4},"end":{"line":48,"column":5}},"23":{"start":{"line":45,"column":23},"end":{"line":45,"column":102}},"24":{"start":{"line":46,"column":6},"end":{"line":46,"column":59}},"25":{"start":{"line":47,"column":6},"end":{"line":47,"column":31}},"26":{"start":{"line":52,"column":31},"end":{"line":52,"column":41}},"27":{"start":{"line":53,"column":46},"end":{"line":53,"column":56}},"28":{"start":{"line":55,"column":4},"end":{"line":159,"column":6}},"29":{"start":{"line":143,"column":56},"end":{"line":143,"column":75}},"30":{"start":{"line":150,"column":56},"end":{"line":150,"column":74}}},"fnMap":{"0":{"name":"(anonymous_0)","decl":{"start":{"line":18,"column":2},"end":{"line":18,"column":3}},"loc":{"start":{"line":18,"column":36},"end":{"line":21,"column":3}},"line":18},"1":{"name":"(anonymous_1)","decl":{"start":{"line":23,"column":17},"end":{"line":23,"column":18}},"loc":{"start":{"line":23,"column":61},"end":{"line":26,"column":3}},"line":23},"2":{"name":"(anonymous_2)","decl":{"start":{"line":28,"column":17},"end":{"line":28,"column":18}},"loc":{"start":{"line":28,"column":23},"end":{"line":40,"column":3}},"line":28},"3":{"name":"(anonymous_3)","decl":{"start":{"line":42,"column":17},"end":{"line":42,"column":18}},"loc":{"start":{"line":42,"column":41},"end":{"line":49,"column":3}},"line":42},"4":{"name":"(anonymous_4)","decl":{"start":{"line":51,"column":2},"end":{"line":51,"column":3}},"loc":{"start":{"line":51,"column":11},"end":{"line":160,"column":3}},"line":51},"5":{"name":"(anonymous_5)","decl":{"start":{"line":143,"column":50},"end":{"line":143,"column":51}},"loc":{"start":{"line":143,"column":56},"end":{"line":143,"column":75}},"line":143},"6":{"name":"(anonymous_6)","decl":{"start":{"line":150,"column":50},"end":{"line":150,"column":51}},"loc":{"start":{"line":150,"column":56},"end":{"line":150,"column":74}},"line":150}},"branchMap":{"0":{"loc":{"start":{"line":32,"column":4},"end":{"line":32,"column":92}},"type":"if","locations":[{"start":{"line":32,"column":4},"end":{"line":32,"column":92}},{"start":{},"end":{}}],"line":32},"1":{"loc":{"start":{"line":32,"column":8},"end":{"line":32,"column":52}},"type":"binary-expr","locations":[{"start":{"line":32,"column":8},"end":{"line":32,"column":36}},{"start":{"line":32,"column":40},"end":{"line":32,"column":52}}],"line":32},"2":{"loc":{"start":{"line":33,"column":4},"end":{"line":34,"column":72}},"type":"if","locations":[{"start":{"line":33,"column":4},"end":{"line":34,"column":72}},{"start":{"line":34,"column":9},"end":{"line":34,"column":72}}],"line":33},"3":{"loc":{"start":{"line":34,"column":9},"end":{"line":34,"column":72}},"type":"if","locations":[{"start":{"line":34,"column":9},"end":{"line":34,"column":72}},{"start":{},"end":{}}],"line":34},"4":{"loc":{"start":{"line":35,"column":4},"end":{"line":36,"column":93}},"type":"if","locations":[{"start":{"line":35,"column":4},"end":{"line":36,"column":93}},{"start":{"line":36,"column":9},"end":{"line":36,"column":93}}],"line":35},"5":{"loc":{"start":{"line":36,"column":9},"end":{"line":36,"column":93}},"type":"if","locations":[{"start":{"line":36,"column":9},"end":{"line":36,"column":93}},{"start":{},"end":{}}],"line":36},"6":{"loc":{"start":{"line":44,"column":4},"end":{"line":48,"column":5}},"type":"if","locations":[{"start":{"line":44,"column":4},"end":{"line":48,"column":5}},{"start":{},"end":{}}],"line":44},"7":{"loc":{"start":{"line":45,"column":23},"end":{"line":45,"column":102}},"type":"cond-expr","locations":[{"start":{"line":45,"column":54},"end":{"line":45,"column":69}},{"start":{"line":45,"column":72},"end":{"line":45,"column":102}}],"line":45},"8":{"loc":{"start":{"line":88,"column":13},"end":{"line":88,"column":51}},"type":"cond-expr","locations":[{"start":{"line":88,"column":32},"end":{"line":88,"column":39}},{"start":{"line":88,"column":42},"end":{"line":88,"column":51}}],"line":88},"9":{"loc":{"start":{"line":92,"column":13},"end":{"line":103,"column":13}},"type":"binary-expr","locations":[{"start":{"line":92,"column":13},"end":{"line":92,"column":30}},{"start":{"line":93,"column":14},"end":{"line":102,"column":16}}],"line":92},"10":{"loc":{"start":{"line":135,"column":15},"end":{"line":135,"column":53}},"type":"cond-expr","locations":[{"start":{"line":135,"column":34},"end":{"line":135,"column":41}},{"start":{"line":135,"column":44},"end":{"line":135,"column":53}}],"line":135},"11":{"loc":{"start":{"line":140,"column":13},"end":{"line":154,"column":13}},"type":"cond-expr","locations":[{"start":{"line":141,"column":14},"end":{"line":146,"column":17}},{"start":{"line":148,"column":14},"end":{"line":153,"column":17}}],"line":140}},"s":{"0":12,"1":12,"2":12,"3":5,"4":5,"5":12,"6":2,"7":2,"8":2,"9":1,"10":2,"11":2,"12":0,"13":0,"14":2,"15":1,"16":1,"17":1,"18":2,"19":2,"20":12,"21":2,"22":2,"23":0,"24":0,"25":0,"26":19,"27":19,"28":19,"29":0,"30":0},"f":{"0":12,"1":5,"2":2,"3":2,"4":19,"5":0,"6":0},"b":{"0":[1,1],"1":[2,1],"2":[2,0],"3":[0,0],"4":[1,1],"5":[1,0],"6":[0,2],"7":[0,0],"8":[4,15],"9":[19,8],"10":[4,15],"11":[4,15]},"_coverageSchema":"1a1c01bbd47fc00a2c39e90264f33305004495a9","hash":"b11081c1c7e198669b8f4f1dde77ead8100c584e"}
,"/home/shrilaja.k/Documents/Phase1-Project/Phase1/Meal-app/src/Components/ContactUs.tsx": {"path":"/home/shrilaja.k/Documents/Phase1-Project/Phase1/Meal-app/src/Components/ContactUs.tsx","statementMap":{"0":{"start":{"line":17,"column":4},"end":{"line":17,"column":17}},"1":{"start":{"line":18,"column":4},"end":{"line":22,"column":6}},"2":{"start":{"line":25,"column":17},"end":{"line":27,"column":3}},"3":{"start":{"line":26,"column":4},"end":{"line":26,"column":62}},"4":{"start":{"line":29,"column":17},"end":{"line":39,"column":3}},"5":{"start":{"line":30,"column":4},"end":{"line":30,"column":23}},"6":{"start":{"line":31,"column":37},"end":{"line":31,"column":47}},"7":{"start":{"line":32,"column":4},"end":{"line":35,"column":5}},"8":{"start":{"line":33,"column":6},"end":{"line":33,"column":38}},"9":{"start":{"line":34,"column":6},"end":{"line":34,"column":13}},"10":{"start":{"line":36,"column":4},"end":{"line":36,"column":47}},"11":{"start":{"line":37,"column":4},"end":{"line":37,"column":42}},"12":{"start":{"line":38,"column":4},"end":{"line":38,"column":125}},"13":{"start":{"line":42,"column":37},"end":{"line":42,"column":47}},"14":{"start":{"line":43,"column":25},"end":{"line":43,"column":35}},"15":{"start":{"line":45,"column":4},"end":{"line":139,"column":6}}},"fnMap":{"0":{"name":"(anonymous_0)","decl":{"start":{"line":16,"column":2},"end":{"line":16,"column":3}},"loc":{"start":{"line":16,"column":37},"end":{"line":23,"column":3}},"line":16},"1":{"name":"(anonymous_1)","decl":{"start":{"line":25,"column":17},"end":{"line":25,"column":18}},"loc":{"start":{"line":25,"column":83},"end":{"line":27,"column":3}},"line":25},"2":{"name":"(anonymous_2)","decl":{"start":{"line":29,"column":17},"end":{"line":29,"column":18}},"loc":{"start":{"line":29,"column":41},"end":{"line":39,"column":3}},"line":29},"3":{"name":"(anonymous_3)","decl":{"start":{"line":41,"column":2},"end":{"line":41,"column":3}},"loc":{"start":{"line":41,"column":11},"end":{"line":140,"column":3}},"line":41}},"branchMap":{"0":{"loc":{"start":{"line":20,"column":13},"end":{"line":20,"column":69}},"type":"cond-expr","locations":[{"start":{"line":20,"column":49},"end":{"line":20,"column":64}},{"start":{"line":20,"column":67},"end":{"line":20,"column":69}}],"line":20},"1":{"loc":{"start":{"line":20,"column":13},"end":{"line":20,"column":46}},"type":"binary-expr","locations":[{"start":{"line":20,"column":13},"end":{"line":20,"column":27}},{"start":{"line":20,"column":31},"end":{"line":20,"column":46}}],"line":20},"2":{"loc":{"start":{"line":32,"column":4},"end":{"line":35,"column":5}},"type":"if","locations":[{"start":{"line":32,"column":4},"end":{"line":35,"column":5}},{"start":{},"end":{}}],"line":32},"3":{"loc":{"start":{"line":32,"column":8},"end":{"line":32,"column":35}},"type":"binary-expr","locations":[{"start":{"line":32,"column":8},"end":{"line":32,"column":13}},{"start":{"line":32,"column":17},"end":{"line":32,"column":23}},{"start":{"line":32,"column":27},"end":{"line":32,"column":35}}],"line":32},"4":{"loc":{"start":{"line":38,"column":37},"end":{"line":38,"column":108}},"type":"cond-expr","locations":[{"start":{"line":38,"column":83},"end":{"line":38,"column":103}},{"start":{"line":38,"column":106},"end":{"line":38,"column":108}}],"line":38},"5":{"loc":{"start":{"line":38,"column":37},"end":{"line":38,"column":80}},"type":"binary-expr","locations":[{"start":{"line":38,"column":37},"end":{"line":38,"column":56}},{"start":{"line":38,"column":60},"end":{"line":38,"column":80}}],"line":38}},"s":{"0":5,"1":5,"2":5,"3":0,"4":5,"5":0,"6":0,"7":0,"8":0,"9":0,"10":0,"11":0,"12":0,"13":5,"14":5,"15":5},"f":{"0":5,"1":0,"2":0,"3":5},"b":{"0":[1,4],"1":[5,1],"2":[0,0],"3":[0,0,0],"4":[0,0],"5":[0,0]},"_coverageSchema":"1a1c01bbd47fc00a2c39e90264f33305004495a9","hash":"599e3fe8b2d921ade6caed8663f98087a6607aec"}
,"/home/shrilaja.k/Documents/Phase1-Project/Phase1/Meal-app/src/Components/Footer.tsx": {"path":"/home/shrilaja.k/Documents/Phase1-Project/Phase1/Meal-app/src/Components/Footer.tsx","statementMap":{"0":{"start":{"line":6,"column":4},"end":{"line":23,"column":6}}},"fnMap":{"0":{"name":"(anonymous_0)","decl":{"start":{"line":5,"column":2},"end":{"line":5,"column":3}},"loc":{"start":{"line":5,"column":11},"end":{"line":24,"column":3}},"line":5}},"branchMap":{},"s":{"0":1},"f":{"0":1},"b":{},"_coverageSchema":"1a1c01bbd47fc00a2c39e90264f33305004495a9","hash":"c8ec68715a578b4dbd88a1c1639216a21cfff9c3"}
,"/home/shrilaja.k/Documents/Phase1-Project/Phase1/Meal-app/src/Components/Imagemovement.tsx": {"path":"/home/shrilaja.k/Documents/Phase1-Project/Phase1/Meal-app/src/Components/Imagemovement.tsx","statementMap":{"0":{"start":{"line":10,"column":10},"end":{"line":13,"column":3}},"1":{"start":{"line":16,"column":4},"end":{"line":16,"column":23}},"2":{"start":{"line":20,"column":4},"end":{"line":20,"column":34}},"3":{"start":{"line":23,"column":15},"end":{"line":33,"column":3}},"4":{"start":{"line":24,"column":18},"end":{"line":24,"column":20}},"5":{"start":{"line":25,"column":4},"end":{"line":29,"column":5}},"6":{"start":{"line":25,"column":17},"end":{"line":25,"column":18}},"7":{"start":{"line":26,"column":18},"end":{"line":26,"column":87}},"8":{"start":{"line":27,"column":20},"end":{"line":27,"column":28}},"9":{"start":{"line":28,"column":6},"end":{"line":28,"column":32}},"10":{"start":{"line":30,"column":4},"end":{"line":32,"column":7}},"11":{"start":{"line":31,"column":6},"end":{"line":31,"column":58}},"12":{"start":{"line":35,"column":15},"end":{"line":39,"column":3}},"13":{"start":{"line":36,"column":4},"end":{"line":38,"column":8}},"14":{"start":{"line":36,"column":27},"end":{"line":38,"column":5}},"15":{"start":{"line":41,"column":15},"end":{"line":45,"column":3}},"16":{"start":{"line":42,"column":4},"end":{"line":44,"column":8}},"17":{"start":{"line":42,"column":27},"end":{"line":44,"column":5}},"18":{"start":{"line":47,"column":20},"end":{"line":49,"column":3}},"19":{"start":{"line":48,"column":4},"end":{"line":48,"column":41}},"20":{"start":{"line":52,"column":36},"end":{"line":52,"column":46}},"21":{"start":{"line":54,"column":4},"end":{"line":60,"column":5}},"22":{"start":{"line":55,"column":6},"end":{"line":59,"column":8}},"23":{"start":{"line":62,"column":17},"end":{"line":62,"column":36}},"24":{"start":{"line":64,"column":4},"end":{"line":130,"column":6}},"25":{"start":{"line":86,"column":25},"end":{"line":86,"column":58}}},"fnMap":{"0":{"name":"(anonymous_0)","decl":{"start":{"line":15,"column":2},"end":{"line":15,"column":3}},"loc":{"start":{"line":15,"column":22},"end":{"line":17,"column":3}},"line":15},"1":{"name":"(anonymous_1)","decl":{"start":{"line":19,"column":2},"end":{"line":19,"column":3}},"loc":{"start":{"line":19,"column":25},"end":{"line":21,"column":3}},"line":19},"2":{"name":"(anonymous_2)","decl":{"start":{"line":23,"column":15},"end":{"line":23,"column":16}},"loc":{"start":{"line":23,"column":40},"end":{"line":33,"column":3}},"line":23},"3":{"name":"(anonymous_3)","decl":{"start":{"line":30,"column":29},"end":{"line":30,"column":30}},"loc":{"start":{"line":30,"column":35},"end":{"line":32,"column":5}},"line":30},"4":{"name":"(anonymous_4)","decl":{"start":{"line":35,"column":15},"end":{"line":35,"column":16}},"loc":{"start":{"line":35,"column":21},"end":{"line":39,"column":3}},"line":35},"5":{"name":"(anonymous_5)","decl":{"start":{"line":36,"column":18},"end":{"line":36,"column":19}},"loc":{"start":{"line":36,"column":27},"end":{"line":38,"column":5}},"line":36},"6":{"name":"(anonymous_6)","decl":{"start":{"line":41,"column":15},"end":{"line":41,"column":16}},"loc":{"start":{"line":41,"column":21},"end":{"line":45,"column":3}},"line":41},"7":{"name":"(anonymous_7)","decl":{"start":{"line":42,"column":18},"end":{"line":42,"column":19}},"loc":{"start":{"line":42,"column":27},"end":{"line":44,"column":5}},"line":42},"8":{"name":"(anonymous_8)","decl":{"start":{"line":47,"column":20},"end":{"line":47,"column":21}},"loc":{"start":{"line":47,"column":36},"end":{"line":49,"column":3}},"line":47},"9":{"name":"(anonymous_9)","decl":{"start":{"line":51,"column":2},"end":{"line":51,"column":3}},"loc":{"start":{"line":51,"column":11},"end":{"line":131,"column":3}},"line":51},"10":{"name":"(anonymous_10)","decl":{"start":{"line":86,"column":19},"end":{"line":86,"column":20}},"loc":{"start":{"line":86,"column":25},"end":{"line":86,"column":58}},"line":86}},"branchMap":{"0":{"loc":{"start":{"line":37,"column":20},"end":{"line":37,"column":91}},"type":"cond-expr","locations":[{"start":{"line":37,"column":46},"end":{"line":37,"column":67}},{"start":{"line":37,"column":70},"end":{"line":37,"column":91}}],"line":37},"1":{"loc":{"start":{"line":43,"column":20},"end":{"line":43,"column":91}},"type":"cond-expr","locations":[{"start":{"line":43,"column":66},"end":{"line":43,"column":67}},{"start":{"line":43,"column":70},"end":{"line":43,"column":91}}],"line":43},"2":{"loc":{"start":{"line":54,"column":4},"end":{"line":60,"column":5}},"type":"if","locations":[{"start":{"line":54,"column":4},"end":{"line":60,"column":5}},{"start":{},"end":{}}],"line":54}},"s":{"0":1,"1":1,"2":1,"3":1,"4":1,"5":1,"6":1,"7":5,"8":5,"9":5,"10":1,"11":1,"12":1,"13":0,"14":0,"15":1,"16":0,"17":0,"18":1,"19":0,"20":2,"21":2,"22":1,"23":1,"24":1,"25":0},"f":{"0":1,"1":1,"2":1,"3":1,"4":0,"5":0,"6":0,"7":0,"8":0,"9":2,"10":0},"b":{"0":[0,0],"1":[0,0],"2":[1,1]},"_coverageSchema":"1a1c01bbd47fc00a2c39e90264f33305004495a9","hash":"2e4c2f2f86715fe18d6e1326d678f2b3b783c33a"}
,"/home/shrilaja.k/Documents/Phase1-Project/Phase1/Meal-app/src/Components/Recipe.tsx": {"path":"/home/shrilaja.k/Documents/Phase1-Project/Phase1/Meal-app/src/Components/Recipe.tsx","statementMap":{"0":{"start":{"line":21,"column":23},"end":{"line":25,"column":3}},"1":{"start":{"line":28,"column":19},"end":{"line":28,"column":36}},"2":{"start":{"line":29,"column":4},"end":{"line":29,"column":31}},"3":{"start":{"line":29,"column":12},"end":{"line":29,"column":31}},"4":{"start":{"line":33,"column":19},"end":{"line":33,"column":38}},"5":{"start":{"line":34,"column":22},"end":{"line":34,"column":42}},"6":{"start":{"line":36,"column":4},"end":{"line":38,"column":5}},"7":{"start":{"line":37,"column":6},"end":{"line":37,"column":32}},"8":{"start":{"line":41,"column":14},"end":{"line":52,"column":3}},"9":{"start":{"line":42,"column":4},"end":{"line":42,"column":39}},"10":{"start":{"line":43,"column":4},"end":{"line":51,"column":5}},"11":{"start":{"line":44,"column":18},"end":{"line":46,"column":7}},"12":{"start":{"line":47,"column":6},"end":{"line":47,"column":96}},"13":{"start":{"line":49,"column":6},"end":{"line":49,"column":27}},"14":{"start":{"line":50,"column":6},"end":{"line":50,"column":54}},"15":{"start":{"line":54,"column":23},"end":{"line":58,"column":3}},"16":{"start":{"line":55,"column":4},"end":{"line":57,"column":8}},"17":{"start":{"line":55,"column":34},"end":{"line":57,"column":5}},"18":{"start":{"line":61,"column":54},"end":{"line":61,"column":64}},"19":{"start":{"line":63,"column":4},"end":{"line":81,"column":8}},"20":{"start":{"line":64,"column":6},"end":{"line":81,"column":8}},"21":{"start":{"line":83,"column":4},"end":{"line":86,"column":8}},"22":{"start":{"line":84,"column":6},"end":{"line":86,"column":8}},"23":{"start":{"line":88,"column":25},"end":{"line":88,"column":51}},"24":{"start":{"line":90,"column":6},"end":{"line":90,"column":83}},"25":{"start":{"line":92,"column":4},"end":{"line":180,"column":6}}},"fnMap":{"0":{"name":"(anonymous_0)","decl":{"start":{"line":27,"column":2},"end":{"line":27,"column":3}},"loc":{"start":{"line":27,"column":22},"end":{"line":30,"column":3}},"line":27},"1":{"name":"(anonymous_1)","decl":{"start":{"line":32,"column":2},"end":{"line":32,"column":3}},"loc":{"start":{"line":32,"column":32},"end":{"line":39,"column":3}},"line":32},"2":{"name":"(anonymous_2)","decl":{"start":{"line":41,"column":14},"end":{"line":41,"column":15}},"loc":{"start":{"line":41,"column":36},"end":{"line":52,"column":3}},"line":41},"3":{"name":"(anonymous_3)","decl":{"start":{"line":54,"column":23},"end":{"line":54,"column":24}},"loc":{"start":{"line":54,"column":29},"end":{"line":58,"column":3}},"line":54},"4":{"name":"(anonymous_4)","decl":{"start":{"line":55,"column":18},"end":{"line":55,"column":19}},"loc":{"start":{"line":55,"column":34},"end":{"line":57,"column":5}},"line":55},"5":{"name":"(anonymous_5)","decl":{"start":{"line":60,"column":2},"end":{"line":60,"column":3}},"loc":{"start":{"line":60,"column":11},"end":{"line":181,"column":3}},"line":60}},"branchMap":{"0":{"loc":{"start":{"line":29,"column":4},"end":{"line":29,"column":31}},"type":"if","locations":[{"start":{"line":29,"column":4},"end":{"line":29,"column":31}},{"start":{},"end":{}}],"line":29},"1":{"loc":{"start":{"line":36,"column":4},"end":{"line":38,"column":5}},"type":"if","locations":[{"start":{"line":36,"column":4},"end":{"line":38,"column":5}},{"start":{},"end":{}}],"line":36},"2":{"loc":{"start":{"line":63,"column":4},"end":{"line":81,"column":8}},"type":"if","locations":[{"start":{"line":63,"column":4},"end":{"line":81,"column":8}},{"start":{},"end":{}}],"line":63},"3":{"loc":{"start":{"line":83,"column":4},"end":{"line":86,"column":8}},"type":"if","locations":[{"start":{"line":83,"column":4},"end":{"line":86,"column":8}},{"start":{},"end":{}}],"line":83},"4":{"loc":{"start":{"line":88,"column":25},"end":{"line":88,"column":51}},"type":"binary-expr","locations":[{"start":{"line":88,"column":25},"end":{"line":88,"column":45}},{"start":{"line":88,"column":49},"end":{"line":88,"column":51}}],"line":88},"5":{"loc":{"start":{"line":90,"column":6},"end":{"line":90,"column":83}},"type":"cond-expr","locations":[{"start":{"line":90,"column":34},"end":{"line":90,"column":68}},{"start":{"line":90,"column":71},"end":{"line":90,"column":83}}],"line":90},"6":{"loc":{"start":{"line":167,"column":13},"end":{"line":167,"column":72}},"type":"cond-expr","locations":[{"start":{"line":167,"column":36},"end":{"line":167,"column":48}},{"start":{"line":167,"column":51},"end":{"line":167,"column":72}}],"line":167},"7":{"loc":{"start":{"line":170,"column":11},"end":{"line":177,"column":11}},"type":"binary-expr","locations":[{"start":{"line":170,"column":11},"end":{"line":170,"column":36}},{"start":{"line":171,"column":12},"end":{"line":176,"column":21}}],"line":170},"8":{"loc":{"start":{"line":175,"column":15},"end":{"line":175,"column":61}},"type":"cond-expr","locations":[{"start":{"line":175,"column":38},"end":{"line":175,"column":48}},{"start":{"line":175,"column":51},"end":{"line":175,"column":61}}],"line":175}},"s":{"0":1,"1":1,"2":1,"3":1,"4":2,"5":2,"6":2,"7":0,"8":1,"9":1,"10":1,"11":1,"12":1,"13":0,"14":0,"15":1,"16":0,"17":0,"18":3,"19":3,"20":2,"21":1,"22":0,"23":1,"24":1,"25":1},"f":{"0":1,"1":2,"2":1,"3":0,"4":0,"5":3},"b":{"0":[1,0],"1":[0,2],"2":[2,1],"3":[0,1],"4":[1,0],"5":[0,1],"6":[0,1],"7":[1,0],"8":[0,0]},"_coverageSchema":"1a1c01bbd47fc00a2c39e90264f33305004495a9","hash":"ed16606ea0670ca00fe967d6398cf72b2d25a783"}
,"/home/shrilaja.k/Documents/Phase1-Project/Phase1/Meal-app/src/Components/Videosection.tsx": {"path":"/home/shrilaja.k/Documents/Phase1-Project/Phase1/Meal-app/src/Components/Videosection.tsx","statementMap":{"0":{"start":{"line":6,"column":4},"end":{"line":72,"column":6}}},"fnMap":{"0":{"name":"(anonymous_0)","decl":{"start":{"line":5,"column":2},"end":{"line":5,"column":3}},"loc":{"start":{"line":5,"column":11},"end":{"line":73,"column":3}},"line":5}},"branchMap":{},"s":{"0":4},"f":{"0":4},"b":{},"_coverageSchema":"1a1c01bbd47fc00a2c39e90264f33305004495a9","hash":"32cc1024ea66e5f2633029de39de76142114586f"}
,"/home/shrilaja.k/Documents/Phase1-Project/Phase1/Meal-app/src/Components/withRouter.tsx": {"path":"/home/shrilaja.k/Documents/Phase1-Project/Phase1/Meal-app/src/Components/withRouter.tsx","statementMap":{"0":{"start":{"line":5,"column":2},"end":{"line":11,"column":4}},"1":{"start":{"line":6,"column":21},"end":{"line":6,"column":34}},"2":{"start":{"line":7,"column":21},"end":{"line":7,"column":34}},"3":{"start":{"line":8,"column":19},"end":{"line":8,"column":30}},"4":{"start":{"line":10,"column":4},"end":{"line":10,"column":92}}},"fnMap":{"0":{"name":"withRouter","decl":{"start":{"line":4,"column":16},"end":{"line":4,"column":26}},"loc":{"start":{"line":4,"column":38},"end":{"line":12,"column":1}},"line":4},"1":{"name":"(anonymous_1)","decl":{"start":{"line":5,"column":9},"end":{"line":5,"column":10}},"loc":{"start":{"line":5,"column":25},"end":{"line":11,"column":3}},"line":5}},"branchMap":{},"s":{"0":2,"1":2,"2":2,"3":2,"4":2},"f":{"0":2,"1":2},"b":{},"_coverageSchema":"1a1c01bbd47fc00a2c39e90264f33305004495a9","hash":"140b3c6a3e8c7199994d0d9aae844b99b1bf6648"}
,"/home/shrilaja.k/Documents/Phase1-Project/Phase1/Meal-app/src/redux/actionTypes.ts": {"path":"/home/shrilaja.k/Documents/Phase1-Project/Phase1/Meal-app/src/redux/actionTypes.ts","statementMap":{"0":{"start":{"line":1,"column":21},"end":{"line":1,"column":28}},"1":{"start":{"line":2,"column":22},"end":{"line":2,"column":30}}},"fnMap":{},"branchMap":{},"s":{"0":1,"1":1},"f":{},"b":{},"_coverageSchema":"1a1c01bbd47fc00a2c39e90264f33305004495a9","hash":"0f3b7e867d0cb1444072689b9aa7b3c86e188f36"}
,"/home/shrilaja.k/Documents/Phase1-Project/Phase1/Meal-app/src/redux/actions.ts": {"path":"/home/shrilaja.k/Documents/Phase1-Project/Phase1/Meal-app/src/redux/actions.ts","statementMap":{"0":{"start":{"line":8,"column":21},"end":{"line":11,"column":2}},"1":{"start":{"line":8,"column":47},"end":{"line":11,"column":1}},"2":{"start":{"line":12,"column":22},"end":{"line":14,"column":2}},"3":{"start":{"line":12,"column":29},"end":{"line":14,"column":1}}},"fnMap":{"0":{"name":"(anonymous_0)","decl":{"start":{"line":8,"column":21},"end":{"line":8,"column":22}},"loc":{"start":{"line":8,"column":47},"end":{"line":11,"column":1}},"line":8},"1":{"name":"(anonymous_1)","decl":{"start":{"line":12,"column":22},"end":{"line":12,"column":23}},"loc":{"start":{"line":12,"column":29},"end":{"line":14,"column":1}},"line":12}},"branchMap":{},"s":{"0":1,"1":2,"2":1,"3":2},"f":{"0":2,"1":2},"b":{},"_coverageSchema":"1a1c01bbd47fc00a2c39e90264f33305004495a9","hash":"0218368e84912f77b18b30b2f0e2216ee814aeb6"}
,"/home/shrilaja.k/Documents/Phase1-Project/Phase1/Meal-app/src/redux/authreducer.ts": {"path":"/home/shrilaja.k/Documents/Phase1-Project/Phase1/Meal-app/src/redux/authreducer.ts","statementMap":{"0":{"start":{"line":11,"column":32},"end":{"line":15,"column":1}},"1":{"start":{"line":17,"column":20},"end":{"line":36,"column":1}},"2":{"start":{"line":18,"column":2},"end":{"line":35,"column":3}},"3":{"start":{"line":20,"column":6},"end":{"line":25,"column":8}},"4":{"start":{"line":27,"column":6},"end":{"line":32,"column":8}},"5":{"start":{"line":34,"column":6},"end":{"line":34,"column":19}}},"fnMap":{"0":{"name":"(anonymous_0)","decl":{"start":{"line":17,"column":20},"end":{"line":17,"column":21}},"loc":{"start":{"line":17,"column":85},"end":{"line":36,"column":1}},"line":17}},"branchMap":{"0":{"loc":{"start":{"line":17,"column":21},"end":{"line":17,"column":52}},"type":"default-arg","locations":[{"start":{"line":17,"column":40},"end":{"line":17,"column":52}}],"line":17},"1":{"loc":{"start":{"line":18,"column":2},"end":{"line":35,"column":3}},"type":"switch","locations":[{"start":{"line":19,"column":4},"end":{"line":25,"column":8}},{"start":{"line":26,"column":4},"end":{"line":32,"column":8}},{"start":{"line":33,"column":4},"end":{"line":34,"column":19}}],"line":18}},"s":{"0":1,"1":1,"2":3,"3":1,"4":1,"5":1},"f":{"0":3},"b":{"0":[1],"1":[1,1,1]},"_coverageSchema":"1a1c01bbd47fc00a2c39e90264f33305004495a9","hash":"346e159d1ac04d3b40bc977f62ad3614c9fbd5ad"}
,"/home/shrilaja.k/Documents/Phase1-Project/Phase1/Meal-app/src/redux/dessertsTypes.ts": {"path":"/home/shrilaja.k/Documents/Phase1-Project/Phase1/Meal-app/src/redux/dessertsTypes.ts","statementMap":{"0":{"start":{"line":1,"column":38},"end":{"line":1,"column":62}},"1":{"start":{"line":2,"column":38},"end":{"line":2,"column":62}},"2":{"start":{"line":3,"column":38},"end":{"line":3,"column":62}}},"fnMap":{},"branchMap":{},"s":{"0":1,"1":1,"2":1},"f":{},"b":{},"_coverageSchema":"1a1c01bbd47fc00a2c39e90264f33305004495a9","hash":"177b66d6e19a166e626d3ad2c325b2728d3b5d7f"}
,"/home/shrilaja.k/Documents/Phase1-Project/Phase1/Meal-app/src/redux/dessertsactions.ts": {"path":"/home/shrilaja.k/Documents/Phase1-Project/Phase1/Meal-app/src/redux/dessertsactions.ts","statementMap":{"0":{"start":{"line":8,"column":36},"end":{"line":10,"column":2}},"1":{"start":{"line":8,"column":43},"end":{"line":10,"column":1}},"2":{"start":{"line":12,"column":36},"end":{"line":15,"column":2}},"3":{"start":{"line":12,"column":51},"end":{"line":15,"column":1}},"4":{"start":{"line":17,"column":36},"end":{"line":20,"column":2}},"5":{"start":{"line":17,"column":48},"end":{"line":20,"column":1}},"6":{"start":{"line":23,"column":29},"end":{"line":36,"column":1}},"7":{"start":{"line":24,"column":2},"end":{"line":35,"column":4}},"8":{"start":{"line":26,"column":4},"end":{"line":26,"column":37}},"9":{"start":{"line":27,"column":4},"end":{"line":34,"column":5}},"10":{"start":{"line":28,"column":23},"end":{"line":28,"column":102}},"11":{"start":{"line":29,"column":19},"end":{"line":29,"column":32}},"12":{"start":{"line":30,"column":23},"end":{"line":30,"column":39}},"13":{"start":{"line":31,"column":6},"end":{"line":31,"column":47}},"14":{"start":{"line":33,"column":6},"end":{"line":33,"column":52}}},"fnMap":{"0":{"name":"(anonymous_0)","decl":{"start":{"line":8,"column":36},"end":{"line":8,"column":37}},"loc":{"start":{"line":8,"column":43},"end":{"line":10,"column":1}},"line":8},"1":{"name":"(anonymous_1)","decl":{"start":{"line":12,"column":36},"end":{"line":12,"column":37}},"loc":{"start":{"line":12,"column":51},"end":{"line":15,"column":1}},"line":12},"2":{"name":"(anonymous_2)","decl":{"start":{"line":17,"column":36},"end":{"line":17,"column":37}},"loc":{"start":{"line":17,"column":48},"end":{"line":20,"column":1}},"line":17},"3":{"name":"(anonymous_3)","decl":{"start":{"line":23,"column":29},"end":{"line":23,"column":30}},"loc":{"start":{"line":23,"column":35},"end":{"line":36,"column":1}},"line":23},"4":{"name":"(anonymous_4)","decl":{"start":{"line":24,"column":9},"end":{"line":24,"column":10}},"loc":{"start":{"line":24,"column":39},"end":{"line":35,"column":3}},"line":24}},"branchMap":{"0":{"loc":{"start":{"line":30,"column":23},"end":{"line":30,"column":39}},"type":"binary-expr","locations":[{"start":{"line":30,"column":23},"end":{"line":30,"column":33}},{"start":{"line":30,"column":37},"end":{"line":30,"column":39}}],"line":30}},"s":{"0":1,"1":4,"2":1,"3":3,"4":1,"5":3,"6":1,"7":2,"8":2,"9":2,"10":2,"11":1,"12":1,"13":1,"14":1},"f":{"0":4,"1":3,"2":3,"3":2,"4":2},"b":{"0":[1,0]},"_coverageSchema":"1a1c01bbd47fc00a2c39e90264f33305004495a9","hash":"f575baa8a8a868a441335ae0e1d98f62177376a0"}
,"/home/shrilaja.k/Documents/Phase1-Project/Phase1/Meal-app/src/redux/dessertsreducer.ts": {"path":"/home/shrilaja.k/Documents/Phase1-Project/Phase1/Meal-app/src/redux/dessertsreducer.ts","statementMap":{"0":{"start":{"line":7,"column":21},"end":{"line":11,"column":1}},"1":{"start":{"line":13,"column":24},"end":{"line":35,"column":1}},"2":{"start":{"line":14,"column":2},"end":{"line":34,"column":3}},"3":{"start":{"line":16,"column":6},"end":{"line":19,"column":8}},"4":{"start":{"line":21,"column":6},"end":{"line":25,"column":8}},"5":{"start":{"line":27,"column":6},"end":{"line":31,"column":8}},"6":{"start":{"line":33,"column":6},"end":{"line":33,"column":19}}},"fnMap":{"0":{"name":"(anonymous_0)","decl":{"start":{"line":13,"column":24},"end":{"line":13,"column":25}},"loc":{"start":{"line":13,"column":58},"end":{"line":35,"column":1}},"line":13}},"branchMap":{"0":{"loc":{"start":{"line":13,"column":25},"end":{"line":13,"column":45}},"type":"default-arg","locations":[{"start":{"line":13,"column":33},"end":{"line":13,"column":45}}],"line":13},"1":{"loc":{"start":{"line":14,"column":2},"end":{"line":34,"column":3}},"type":"switch","locations":[{"start":{"line":15,"column":4},"end":{"line":19,"column":8}},{"start":{"line":20,"column":4},"end":{"line":25,"column":8}},{"start":{"line":26,"column":4},"end":{"line":31,"column":8}},{"start":{"line":32,"column":4},"end":{"line":33,"column":19}}],"line":14}},"s":{"0":1,"1":1,"2":4,"3":1,"4":1,"5":1,"6":1},"f":{"0":4},"b":{"0":[1],"1":[1,1,1,1]},"_coverageSchema":"1a1c01bbd47fc00a2c39e90264f33305004495a9","hash":"0feeaee030e560d463be1244ff939cff8168c2be"}
}
