{"/home/shrilaja.k/Documents/Phase1-Project/Phase1/Meal-app/src/Components/ContactUs.tsx": {"path":"/home/shrilaja.k/Documents/Phase1-Project/Phase1/Meal-app/src/Components/ContactUs.tsx","statementMap":{"0":{"start":{"line":25,"column":17},"end":{"line":27,"column":null}},"1":{"start":{"line":29,"column":17},"end":{"line":39,"column":null}},"2":{"start":{"line":17,"column":4},"end":{"line":17,"column":null}},"3":{"start":{"line":18,"column":4},"end":{"line":22,"column":null}},"4":{"start":{"line":26,"column":4},"end":{"line":26,"column":null}},"5":{"start":{"line":30,"column":4},"end":{"line":30,"column":null}},"6":{"start":{"line":31,"column":37},"end":{"line":31,"column":null}},"7":{"start":{"line":32,"column":4},"end":{"line":35,"column":null}},"8":{"start":{"line":33,"column":6},"end":{"line":33,"column":null}},"9":{"start":{"line":34,"column":6},"end":{"line":34,"column":null}},"10":{"start":{"line":36,"column":4},"end":{"line":36,"column":null}},"11":{"start":{"line":37,"column":4},"end":{"line":37,"column":null}},"12":{"start":{"line":38,"column":4},"end":{"line":38,"column":null}},"13":{"start":{"line":42,"column":37},"end":{"line":42,"column":null}},"14":{"start":{"line":43,"column":25},"end":{"line":43,"column":null}},"15":{"start":{"line":45,"column":4},"end":{"line":138,"column":null}}},"fnMap":{"0":{"name":"(anonymous_0)","decl":{"start":{"line":16,"column":2},"end":{"line":16,"column":14}},"loc":{"start":{"line":16,"column":37},"end":{"line":23,"column":null}},"line":16},"1":{"name":"(anonymous_1)","decl":{"start":{"line":25,"column":17},"end":{"line":25,"column":18}},"loc":{"start":{"line":25,"column":83},"end":{"line":27,"column":null}},"line":25},"2":{"name":"(anonymous_2)","decl":{"start":{"line":29,"column":17},"end":{"line":29,"column":18}},"loc":{"start":{"line":29,"column":41},"end":{"line":39,"column":null}},"line":29},"3":{"name":"(anonymous_3)","decl":{"start":{"line":41,"column":2},"end":{"line":41,"column":11}},"loc":{"start":{"line":41,"column":11},"end":{"line":140,"column":null}},"line":41}},"branchMap":{"0":{"loc":{"start":{"line":20,"column":13},"end":{"line":20,"column":null}},"type":"cond-expr","locations":[{"start":{"line":20,"column":49},"end":{"line":20,"column":67}},{"start":{"line":20,"column":67},"end":{"line":20,"column":null}}],"line":20},"1":{"loc":{"start":{"line":20,"column":13},"end":{"line":20,"column":49}},"type":"binary-expr","locations":[{"start":{"line":20,"column":13},"end":{"line":20,"column":31}},{"start":{"line":20,"column":31},"end":{"line":20,"column":49}}],"line":20},"2":{"loc":{"start":{"line":32,"column":4},"end":{"line":35,"column":null}},"type":"if","locations":[{"start":{"line":32,"column":4},"end":{"line":35,"column":null}},{"start":{},"end":{}}],"line":32},"3":{"loc":{"start":{"line":32,"column":8},"end":{"line":32,"column":37}},"type":"binary-expr","locations":[{"start":{"line":32,"column":8},"end":{"line":32,"column":17}},{"start":{"line":32,"column":17},"end":{"line":32,"column":27}},{"start":{"line":32,"column":27},"end":{"line":32,"column":37}}],"line":32},"4":{"loc":{"start":{"line":38,"column":37},"end":{"line":38,"column":110}},"type":"cond-expr","locations":[{"start":{"line":38,"column":83},"end":{"line":38,"column":106}},{"start":{"line":38,"column":106},"end":{"line":38,"column":110}}],"line":38},"5":{"loc":{"start":{"line":38,"column":37},"end":{"line":38,"column":83}},"type":"binary-expr","locations":[{"start":{"line":38,"column":37},"end":{"line":38,"column":60}},{"start":{"line":38,"column":60},"end":{"line":38,"column":83}}],"line":38}},"s":{"0":0,"1":0,"2":5,"3":5,"4":0,"5":0,"6":0,"7":0,"8":0,"9":0,"10":0,"11":0,"12":0,"13":5,"14":5,"15":5},"f":{"0":5,"1":0,"2":0,"3":5},"b":{"0":[1,4],"1":[5,1],"2":[0,0],"3":[0,0,0],"4":[0,0],"5":[0,0]},"meta":{"lastBranch":6,"lastFunction":4,"lastStatement":16,"seen":{"s:25:17:27:Infinity":0,"s:29:17:39:Infinity":1,"f:16:2:16:14":0,"s:17:4:17:Infinity":2,"s:18:4:22:Infinity":3,"b:20:49:20:67:20:67:20:Infinity":0,"b:20:13:20:31:20:31:20:49":1,"f:25:17:25:18":1,"s:26:4:26:Infinity":4,"f:29:17:29:18":2,"s:30:4:30:Infinity":5,"s:31:37:31:Infinity":6,"b:32:4:35:Infinity:undefined:undefined:undefined:undefined":2,"s:32:4:35:Infinity":7,"b:32:8:32:17:32:17:32:27:32:27:32:37":3,"s:33:6:33:Infinity":8,"s:34:6:34:Infinity":9,"s:36:4:36:Infinity":10,"s:37:4:37:Infinity":11,"s:38:4:38:Infinity":12,"b:38:83:38:106:38:106:38:110":4,"b:38:37:38:60:38:60:38:83":5,"f:41:2:41:11":3,"s:42:37:42:Infinity":13,"s:43:25:43:Infinity":14,"s:45:4:138:Infinity":15}}}
}
