TN:
SF:src/Components/AuthForm.tsx
FN:18,(anonymous_0)
FN:23,(anonymous_1)
FN:28,(anonymous_2)
FN:42,(anonymous_3)
FN:51,(anonymous_4)
FN:143,(anonymous_5)
FN:150,(anonymous_6)
FNF:7
FNH:5
FNDA:12,(anonymous_0)
FNDA:5,(anonymous_1)
FNDA:2,(anonymous_2)
FNDA:2,(anonymous_3)
FNDA:19,(anonymous_4)
FNDA:0,(anonymous_5)
FNDA:0,(anonymous_6)
DA:19,12
DA:20,12
DA:23,12
DA:24,5
DA:25,5
DA:28,12
DA:29,2
DA:30,2
DA:32,2
DA:33,2
DA:34,0
DA:35,2
DA:36,1
DA:38,2
DA:39,2
DA:42,12
DA:43,2
DA:44,2
DA:45,0
DA:46,0
DA:47,0
DA:52,19
DA:53,19
DA:55,19
DA:143,0
DA:150,0
LF:26
LH:20
BRDA:32,0,0,1
BRDA:32,0,1,1
BRDA:32,1,0,2
BRDA:32,1,1,1
BRDA:33,2,0,2
BRDA:33,2,1,0
BRDA:34,3,0,0
BRDA:34,3,1,0
BRDA:35,4,0,1
BRDA:35,4,1,1
BRDA:36,5,0,1
BRDA:36,5,1,0
BRDA:44,6,0,0
BRDA:44,6,1,2
BRDA:45,7,0,0
BRDA:45,7,1,0
BRDA:88,8,0,4
BRDA:88,8,1,15
BRDA:92,9,0,19
BRDA:92,9,1,8
BRDA:135,10,0,4
BRDA:135,10,1,15
BRDA:140,11,0,4
BRDA:140,11,1,15
BRF:24
BRH:17
end_of_record
TN:
SF:src/Components/ContactUs.tsx
FN:16,(anonymous_0)
FN:25,(anonymous_1)
FN:29,(anonymous_2)
FN:41,(anonymous_3)
FNF:4
FNH:2
FNDA:5,(anonymous_0)
FNDA:0,(anonymous_1)
FNDA:0,(anonymous_2)
FNDA:5,(anonymous_3)
DA:17,5
DA:18,5
DA:25,5
DA:26,0
DA:29,5
DA:30,0
DA:31,0
DA:32,0
DA:33,0
DA:34,0
DA:36,0
DA:37,0
DA:38,0
DA:42,5
DA:43,5
DA:45,5
LF:16
LH:7
BRDA:20,0,0,1
BRDA:20,0,1,4
BRDA:20,1,0,5
BRDA:20,1,1,1
BRDA:32,2,0,0
BRDA:32,2,1,0
BRDA:32,3,0,0
BRDA:32,3,1,0
BRDA:32,3,2,0
BRDA:38,4,0,0
BRDA:38,4,1,0
BRDA:38,5,0,0
BRDA:38,5,1,0
BRF:13
BRH:4
end_of_record
TN:
SF:src/Components/Footer.tsx
FN:5,(anonymous_0)
FNF:1
FNH:1
FNDA:1,(anonymous_0)
DA:6,1
LF:1
LH:1
BRF:0
BRH:0
end_of_record
TN:
SF:src/Components/Imagemovement.tsx
FN:15,(anonymous_0)
FN:19,(anonymous_1)
FN:23,(anonymous_2)
FN:30,(anonymous_3)
FN:35,(anonymous_4)
FN:36,(anonymous_5)
FN:41,(anonymous_6)
FN:42,(anonymous_7)
FN:47,(anonymous_8)
FN:51,(anonymous_9)
FN:86,(anonymous_10)
FNF:11
FNH:5
FNDA:1,(anonymous_0)
FNDA:1,(anonymous_1)
FNDA:1,(anonymous_2)
FNDA:1,(anonymous_3)
FNDA:0,(anonymous_4)
FNDA:0,(anonymous_5)
FNDA:0,(anonymous_6)
FNDA:0,(anonymous_7)
FNDA:0,(anonymous_8)
FNDA:2,(anonymous_9)
FNDA:0,(anonymous_10)
DA:10,1
DA:16,1
DA:20,1
DA:23,1
DA:24,1
DA:25,1
DA:26,5
DA:27,5
DA:28,5
DA:30,1
DA:31,1
DA:35,1
DA:36,0
DA:41,1
DA:42,0
DA:47,1
DA:48,0
DA:52,2
DA:54,2
DA:55,1
DA:62,1
DA:64,1
DA:86,0
LF:23
LH:19
BRDA:37,0,0,0
BRDA:37,0,1,0
BRDA:43,1,0,0
BRDA:43,1,1,0
BRDA:54,2,0,1
BRDA:54,2,1,1
BRF:6
BRH:2
end_of_record
TN:
SF:src/Components/Recipe.tsx
FN:27,(anonymous_0)
FN:32,(anonymous_1)
FN:41,(anonymous_2)
FN:54,(anonymous_3)
FN:55,(anonymous_4)
FN:60,(anonymous_5)
FNF:6
FNH:4
FNDA:1,(anonymous_0)
FNDA:2,(anonymous_1)
FNDA:1,(anonymous_2)
FNDA:0,(anonymous_3)
FNDA:0,(anonymous_4)
FNDA:3,(anonymous_5)
DA:21,1
DA:28,1
DA:29,1
DA:33,2
DA:34,2
DA:36,2
DA:37,0
DA:41,1
DA:42,1
DA:43,1
DA:44,1
DA:47,1
DA:49,0
DA:50,0
DA:54,1
DA:55,0
DA:61,3
DA:63,3
DA:64,2
DA:83,1
DA:84,0
DA:88,1
DA:90,1
DA:92,1
LF:24
LH:19
BRDA:29,0,0,1
BRDA:29,0,1,0
BRDA:36,1,0,0
BRDA:36,1,1,2
BRDA:63,2,0,2
BRDA:63,2,1,1
BRDA:83,3,0,0
BRDA:83,3,1,1
BRDA:88,4,0,1
BRDA:88,4,1,0
BRDA:90,5,0,0
BRDA:90,5,1,1
BRDA:167,6,0,0
BRDA:167,6,1,1
BRDA:170,7,0,1
BRDA:170,7,1,0
BRDA:175,8,0,0
BRDA:175,8,1,0
BRF:18
BRH:9
end_of_record
TN:
SF:src/Components/Videosection.tsx
FN:5,(anonymous_0)
FNF:1
FNH:1
FNDA:4,(anonymous_0)
DA:6,4
LF:1
LH:1
BRF:0
BRH:0
end_of_record
TN:
SF:src/Components/withRouter.tsx
FN:4,withRouter
FN:5,(anonymous_1)
FNF:2
FNH:2
FNDA:2,withRouter
FNDA:2,(anonymous_1)
DA:5,2
DA:6,2
DA:7,2
DA:8,2
DA:10,2
LF:5
LH:5
BRF:0
BRH:0
end_of_record
TN:
SF:src/redux/actionTypes.ts
FNF:0
FNH:0
DA:1,1
DA:2,1
LF:2
LH:2
BRF:0
BRH:0
end_of_record
TN:
SF:src/redux/actions.ts
FN:8,(anonymous_0)
FN:12,(anonymous_1)
FNF:2
FNH:2
FNDA:2,(anonymous_0)
FNDA:2,(anonymous_1)
DA:8,2
DA:12,2
LF:2
LH:2
BRF:0
BRH:0
end_of_record
TN:
SF:src/redux/authreducer.ts
FN:17,(anonymous_0)
FNF:1
FNH:1
FNDA:3,(anonymous_0)
DA:11,1
DA:17,1
DA:18,3
DA:20,1
DA:27,1
DA:34,1
LF:6
LH:6
BRDA:17,0,0,1
BRDA:18,1,0,1
BRDA:18,1,1,1
BRDA:18,1,2,1
BRF:4
BRH:4
end_of_record
TN:
SF:src/redux/dessertsTypes.ts
FNF:0
FNH:0
DA:1,1
DA:2,1
DA:3,1
LF:3
LH:3
BRF:0
BRH:0
end_of_record
TN:
SF:src/redux/dessertsactions.ts
FN:8,(anonymous_0)
FN:12,(anonymous_1)
FN:17,(anonymous_2)
FN:23,(anonymous_3)
FN:24,(anonymous_4)
FNF:5
FNH:5
FNDA:4,(anonymous_0)
FNDA:3,(anonymous_1)
FNDA:3,(anonymous_2)
FNDA:2,(anonymous_3)
FNDA:2,(anonymous_4)
DA:8,4
DA:12,3
DA:17,3
DA:23,1
DA:24,2
DA:26,2
DA:27,2
DA:28,2
DA:29,1
DA:30,1
DA:31,1
DA:33,1
LF:12
LH:12
BRDA:30,0,0,1
BRDA:30,0,1,0
BRF:2
BRH:1
end_of_record
TN:
SF:src/redux/dessertsreducer.ts
FN:13,(anonymous_0)
FNF:1
FNH:1
FNDA:4,(anonymous_0)
DA:7,1
DA:13,1
DA:14,4
DA:16,1
DA:21,1
DA:27,1
DA:33,1
LF:7
LH:7
BRDA:13,0,0,1
BRDA:14,1,0,1
BRDA:14,1,1,1
BRDA:14,1,2,1
BRDA:14,1,3,1
BRF:5
BRH:5
end_of_record
